<?xml version="1.0" encoding="UTF-8"?>
<testng-results ignored="0" total="1" passed="1" failed="0" skipped="0">
  <reporter-output>
  </reporter-output>
  <suite started-at="2023-08-04T10:27:35 EDT" name="Default suite" finished-at="2023-08-04T10:27:35 EDT" duration-ms="53">
    <groups>
    </groups>
    <test started-at="2023-08-04T10:27:35 EDT" name="Default test" finished-at="2023-08-04T10:27:35 EDT" duration-ms="53">
      <class name="sample.sample">
        <test-method signature="sample()[pri:0, instance:sample.sample@482bce4f]" started-at="2023-08-04T10:27:35 EDT" name="sample" finished-at="2023-08-04T10:27:35 EDT" duration-ms="12" status="PASS">
          <reporter-output>
          </reporter-output>
        </test-method> <!-- sample -->
      </class> <!-- sample.sample -->
    </test> <!-- Default test -->
  </suite> <!-- Default suite -->
</testng-results>
